<?xml version="1.0" encoding="UTF-8"?>
<testsuite xmlns:xsi="http://www.w3.org/2001/XMLSchema-instance" xsi:noNamespaceSchemaLocation="https://maven.apache.org/surefire/maven-surefire-plugin/xsd/surefire-test-report.xsd" name="com.deng.SampleTest" time="15.857" tests="1" errors="0" skipped="0" failures="0">
  <properties>
    <property name="sun.desktop" value="windows"/>
    <property name="awt.toolkit" value="sun.awt.windows.WToolkit"/>
    <property name="file.encoding.pkg" value="sun.io"/>
    <property name="java.specification.version" value="1.8"/>
    <property name="sun.cpu.isalist" value="amd64"/>
    <property name="sun.jnu.encoding" value="GBK"/>
    <property name="java.class.path" value="D:\github\springbootTest\deng-mybatis\target\test-classes;D:\github\springbootTest\deng-mybatis\target\classes;D:\deng\apache-maven-3.5.4\repository\org\springframework\boot\spring-boot-starter\2.1.3.RELEASE\spring-boot-starter-2.1.3.RELEASE.jar;D:\deng\apache-maven-3.5.4\repository\org\springframework\boot\spring-boot\2.1.3.RELEASE\spring-boot-2.1.3.RELEASE.jar;D:\deng\apache-maven-3.5.4\repository\org\springframework\spring-context\5.1.5.RELEASE\spring-context-5.1.5.RELEASE.jar;D:\deng\apache-maven-3.5.4\repository\org\springframework\boot\spring-boot-autoconfigure\2.1.3.RELEASE\spring-boot-autoconfigure-2.1.3.RELEASE.jar;D:\deng\apache-maven-3.5.4\repository\org\springframework\boot\spring-boot-starter-logging\2.1.3.RELEASE\spring-boot-starter-logging-2.1.3.RELEASE.jar;D:\deng\apache-maven-3.5.4\repository\ch\qos\logback\logback-classic\1.2.3\logback-classic-1.2.3.jar;D:\deng\apache-maven-3.5.4\repository\ch\qos\logback\logback-core\1.2.3\logback-core-1.2.3.jar;D:\deng\apache-maven-3.5.4\repository\org\apache\logging\log4j\log4j-to-slf4j\2.11.2\log4j-to-slf4j-2.11.2.jar;D:\deng\apache-maven-3.5.4\repository\org\apache\logging\log4j\log4j-api\2.11.2\log4j-api-2.11.2.jar;D:\deng\apache-maven-3.5.4\repository\org\slf4j\jul-to-slf4j\1.7.25\jul-to-slf4j-1.7.25.jar;D:\deng\apache-maven-3.5.4\repository\javax\annotation\javax.annotation-api\1.3.2\javax.annotation-api-1.3.2.jar;D:\deng\apache-maven-3.5.4\repository\org\springframework\spring-core\5.1.5.RELEASE\spring-core-5.1.5.RELEASE.jar;D:\deng\apache-maven-3.5.4\repository\org\springframework\spring-jcl\5.1.5.RELEASE\spring-jcl-5.1.5.RELEASE.jar;D:\deng\apache-maven-3.5.4\repository\org\yaml\snakeyaml\1.23\snakeyaml-1.23.jar;D:\deng\apache-maven-3.5.4\repository\com\baomidou\mybatis-plus-boot-starter\3.1.2\mybatis-plus-boot-starter-3.1.2.jar;D:\deng\apache-maven-3.5.4\repository\com\baomidou\mybatis-plus\3.1.2\mybatis-plus-3.1.2.jar;D:\deng\apache-maven-3.5.4\repository\com\baomidou\mybatis-plus-extension\3.1.2\mybatis-plus-extension-3.1.2.jar;D:\deng\apache-maven-3.5.4\repository\com\baomidou\mybatis-plus-core\3.1.2\mybatis-plus-core-3.1.2.jar;D:\deng\apache-maven-3.5.4\repository\com\baomidou\mybatis-plus-annotation\3.1.2\mybatis-plus-annotation-3.1.2.jar;D:\deng\apache-maven-3.5.4\repository\com\github\jsqlparser\jsqlparser\1.2\jsqlparser-1.2.jar;D:\deng\apache-maven-3.5.4\repository\org\mybatis\mybatis\3.5.1\mybatis-3.5.1.jar;D:\deng\apache-maven-3.5.4\repository\org\mybatis\mybatis-spring\2.0.1\mybatis-spring-2.0.1.jar;D:\deng\apache-maven-3.5.4\repository\org\springframework\boot\spring-boot-starter-jdbc\2.1.3.RELEASE\spring-boot-starter-jdbc-2.1.3.RELEASE.jar;D:\deng\apache-maven-3.5.4\repository\com\zaxxer\HikariCP\3.2.0\HikariCP-3.2.0.jar;D:\deng\apache-maven-3.5.4\repository\org\springframework\spring-jdbc\5.1.5.RELEASE\spring-jdbc-5.1.5.RELEASE.jar;D:\deng\apache-maven-3.5.4\repository\org\springframework\spring-tx\5.1.5.RELEASE\spring-tx-5.1.5.RELEASE.jar;D:\deng\apache-maven-3.5.4\repository\mysql\mysql-connector-java\8.0.15\mysql-connector-java-8.0.15.jar;D:\deng\apache-maven-3.5.4\repository\com\alibaba\druid\1.1.6\druid-1.1.6.jar;D:\deng\apache-maven-3.5.4\repository\org\projectlombok\lombok\1.18.6\lombok-1.18.6.jar;D:\deng\apache-maven-3.5.4\repository\com\h2database\h2\1.4.197\h2-1.4.197.jar;D:\deng\apache-maven-3.5.4\repository\org\springframework\boot\spring-boot-starter-web\2.1.3.RELEASE\spring-boot-starter-web-2.1.3.RELEASE.jar;D:\deng\apache-maven-3.5.4\repository\org\springframework\boot\spring-boot-starter-json\2.1.3.RELEASE\spring-boot-starter-json-2.1.3.RELEASE.jar;D:\deng\apache-maven-3.5.4\repository\com\fasterxml\jackson\core\jackson-databind\2.9.8\jackson-databind-2.9.8.jar;D:\deng\apache-maven-3.5.4\repository\com\fasterxml\jackson\core\jackson-annotations\2.9.0\jackson-annotations-2.9.0.jar;D:\deng\apache-maven-3.5.4\repository\com\fasterxml\jackson\core\jackson-core\2.9.8\jackson-core-2.9.8.jar;D:\deng\apache-maven-3.5.4\repository\com\fasterxml\jackson\datatype\jackson-datatype-jdk8\2.9.8\jackson-datatype-jdk8-2.9.8.jar;D:\deng\apache-maven-3.5.4\repository\com\fasterxml\jackson\datatype\jackson-datatype-jsr310\2.9.8\jackson-datatype-jsr310-2.9.8.jar;D:\deng\apache-maven-3.5.4\repository\com\fasterxml\jackson\module\jackson-module-parameter-names\2.9.8\jackson-module-parameter-names-2.9.8.jar;D:\deng\apache-maven-3.5.4\repository\org\springframework\boot\spring-boot-starter-tomcat\2.1.3.RELEASE\spring-boot-starter-tomcat-2.1.3.RELEASE.jar;D:\deng\apache-maven-3.5.4\repository\org\apache\tomcat\embed\tomcat-embed-core\9.0.16\tomcat-embed-core-9.0.16.jar;D:\deng\apache-maven-3.5.4\repository\org\apache\tomcat\embed\tomcat-embed-el\9.0.16\tomcat-embed-el-9.0.16.jar;D:\deng\apache-maven-3.5.4\repository\org\apache\tomcat\embed\tomcat-embed-websocket\9.0.16\tomcat-embed-websocket-9.0.16.jar;D:\deng\apache-maven-3.5.4\repository\org\hibernate\validator\hibernate-validator\6.0.14.Final\hibernate-validator-6.0.14.Final.jar;D:\deng\apache-maven-3.5.4\repository\javax\validation\validation-api\2.0.1.Final\validation-api-2.0.1.Final.jar;D:\deng\apache-maven-3.5.4\repository\org\jboss\logging\jboss-logging\3.3.2.Final\jboss-logging-3.3.2.Final.jar;D:\deng\apache-maven-3.5.4\repository\com\fasterxml\classmate\1.4.0\classmate-1.4.0.jar;D:\deng\apache-maven-3.5.4\repository\org\springframework\spring-web\5.1.5.RELEASE\spring-web-5.1.5.RELEASE.jar;D:\deng\apache-maven-3.5.4\repository\org\springframework\spring-beans\5.1.5.RELEASE\spring-beans-5.1.5.RELEASE.jar;D:\deng\apache-maven-3.5.4\repository\org\springframework\spring-webmvc\5.1.5.RELEASE\spring-webmvc-5.1.5.RELEASE.jar;D:\deng\apache-maven-3.5.4\repository\org\springframework\spring-aop\5.1.5.RELEASE\spring-aop-5.1.5.RELEASE.jar;D:\deng\apache-maven-3.5.4\repository\org\springframework\spring-expression\5.1.5.RELEASE\spring-expression-5.1.5.RELEASE.jar;D:\deng\apache-maven-3.5.4\repository\org\springframework\boot\spring-boot-starter-test\2.1.3.RELEASE\spring-boot-starter-test-2.1.3.RELEASE.jar;D:\deng\apache-maven-3.5.4\repository\org\springframework\boot\spring-boot-test\2.1.3.RELEASE\spring-boot-test-2.1.3.RELEASE.jar;D:\deng\apache-maven-3.5.4\repository\org\springframework\boot\spring-boot-test-autoconfigure\2.1.3.RELEASE\spring-boot-test-autoconfigure-2.1.3.RELEASE.jar;D:\deng\apache-maven-3.5.4\repository\com\jayway\jsonpath\json-path\2.4.0\json-path-2.4.0.jar;D:\deng\apache-maven-3.5.4\repository\net\minidev\json-smart\2.3\json-smart-2.3.jar;D:\deng\apache-maven-3.5.4\repository\net\minidev\accessors-smart\1.2\accessors-smart-1.2.jar;D:\deng\apache-maven-3.5.4\repository\org\ow2\asm\asm\5.0.4\asm-5.0.4.jar;D:\deng\apache-maven-3.5.4\repository\org\slf4j\slf4j-api\1.7.25\slf4j-api-1.7.25.jar;D:\deng\apache-maven-3.5.4\repository\junit\junit\4.12\junit-4.12.jar;D:\deng\apache-maven-3.5.4\repository\org\assertj\assertj-core\3.11.1\assertj-core-3.11.1.jar;D:\deng\apache-maven-3.5.4\repository\org\mockito\mockito-core\2.23.4\mockito-core-2.23.4.jar;D:\deng\apache-maven-3.5.4\repository\net\bytebuddy\byte-buddy\1.9.10\byte-buddy-1.9.10.jar;D:\deng\apache-maven-3.5.4\repository\net\bytebuddy\byte-buddy-agent\1.9.10\byte-buddy-agent-1.9.10.jar;D:\deng\apache-maven-3.5.4\repository\org\objenesis\objenesis\2.6\objenesis-2.6.jar;D:\deng\apache-maven-3.5.4\repository\org\hamcrest\hamcrest-core\1.3\hamcrest-core-1.3.jar;D:\deng\apache-maven-3.5.4\repository\org\hamcrest\hamcrest-library\1.3\hamcrest-library-1.3.jar;D:\deng\apache-maven-3.5.4\repository\org\skyscreamer\jsonassert\1.5.0\jsonassert-1.5.0.jar;D:\deng\apache-maven-3.5.4\repository\com\vaadin\external\google\android-json\0.0.20131108.vaadin1\android-json-0.0.20131108.vaadin1.jar;D:\deng\apache-maven-3.5.4\repository\org\springframework\spring-test\5.1.5.RELEASE\spring-test-5.1.5.RELEASE.jar;D:\deng\apache-maven-3.5.4\repository\org\xmlunit\xmlunit-core\2.6.2\xmlunit-core-2.6.2.jar;"/>
    <property name="java.vm.vendor" value="Oracle Corporation"/>
    <property name="sun.arch.data.model" value="64"/>
    <property name="user.variant" value=""/>
    <property name="java.vendor.url" value="http://java.oracle.com/"/>
    <property name="user.timezone" value="Asia/Shanghai"/>
    <property name="java.vm.specification.version" value="1.8"/>
    <property name="os.name" value="Windows 10"/>
    <property name="user.country" value="CN"/>
    <property name="sun.java.launcher" value="SUN_STANDARD"/>
    <property name="sun.boot.library.path" value="C:\Program Files\Java\jdk1.8.0_181\jre\bin"/>
    <property name="sun.java.command" value="C:\Users\Administrator\AppData\Local\Temp\surefire7436211976831987968\surefirebooter2386549568554982650.jar C:\Users\Administrator\AppData\Local\Temp\surefire7436211976831987968 2019-08-15T23-19-55_046-jvmRun1 surefire6182187487104167405tmp surefire_07649460588752213698tmp"/>
    <property name="surefire.test.class.path" value="D:\github\springbootTest\deng-mybatis\target\test-classes;D:\github\springbootTest\deng-mybatis\target\classes;D:\deng\apache-maven-3.5.4\repository\org\springframework\boot\spring-boot-starter\2.1.3.RELEASE\spring-boot-starter-2.1.3.RELEASE.jar;D:\deng\apache-maven-3.5.4\repository\org\springframework\boot\spring-boot\2.1.3.RELEASE\spring-boot-2.1.3.RELEASE.jar;D:\deng\apache-maven-3.5.4\repository\org\springframework\spring-context\5.1.5.RELEASE\spring-context-5.1.5.RELEASE.jar;D:\deng\apache-maven-3.5.4\repository\org\springframework\boot\spring-boot-autoconfigure\2.1.3.RELEASE\spring-boot-autoconfigure-2.1.3.RELEASE.jar;D:\deng\apache-maven-3.5.4\repository\org\springframework\boot\spring-boot-starter-logging\2.1.3.RELEASE\spring-boot-starter-logging-2.1.3.RELEASE.jar;D:\deng\apache-maven-3.5.4\repository\ch\qos\logback\logback-classic\1.2.3\logback-classic-1.2.3.jar;D:\deng\apache-maven-3.5.4\repository\ch\qos\logback\logback-core\1.2.3\logback-core-1.2.3.jar;D:\deng\apache-maven-3.5.4\repository\org\apache\logging\log4j\log4j-to-slf4j\2.11.2\log4j-to-slf4j-2.11.2.jar;D:\deng\apache-maven-3.5.4\repository\org\apache\logging\log4j\log4j-api\2.11.2\log4j-api-2.11.2.jar;D:\deng\apache-maven-3.5.4\repository\org\slf4j\jul-to-slf4j\1.7.25\jul-to-slf4j-1.7.25.jar;D:\deng\apache-maven-3.5.4\repository\javax\annotation\javax.annotation-api\1.3.2\javax.annotation-api-1.3.2.jar;D:\deng\apache-maven-3.5.4\repository\org\springframework\spring-core\5.1.5.RELEASE\spring-core-5.1.5.RELEASE.jar;D:\deng\apache-maven-3.5.4\repository\org\springframework\spring-jcl\5.1.5.RELEASE\spring-jcl-5.1.5.RELEASE.jar;D:\deng\apache-maven-3.5.4\repository\org\yaml\snakeyaml\1.23\snakeyaml-1.23.jar;D:\deng\apache-maven-3.5.4\repository\com\baomidou\mybatis-plus-boot-starter\3.1.2\mybatis-plus-boot-starter-3.1.2.jar;D:\deng\apache-maven-3.5.4\repository\com\baomidou\mybatis-plus\3.1.2\mybatis-plus-3.1.2.jar;D:\deng\apache-maven-3.5.4\repository\com\baomidou\mybatis-plus-extension\3.1.2\mybatis-plus-extension-3.1.2.jar;D:\deng\apache-maven-3.5.4\repository\com\baomidou\mybatis-plus-core\3.1.2\mybatis-plus-core-3.1.2.jar;D:\deng\apache-maven-3.5.4\repository\com\baomidou\mybatis-plus-annotation\3.1.2\mybatis-plus-annotation-3.1.2.jar;D:\deng\apache-maven-3.5.4\repository\com\github\jsqlparser\jsqlparser\1.2\jsqlparser-1.2.jar;D:\deng\apache-maven-3.5.4\repository\org\mybatis\mybatis\3.5.1\mybatis-3.5.1.jar;D:\deng\apache-maven-3.5.4\repository\org\mybatis\mybatis-spring\2.0.1\mybatis-spring-2.0.1.jar;D:\deng\apache-maven-3.5.4\repository\org\springframework\boot\spring-boot-starter-jdbc\2.1.3.RELEASE\spring-boot-starter-jdbc-2.1.3.RELEASE.jar;D:\deng\apache-maven-3.5.4\repository\com\zaxxer\HikariCP\3.2.0\HikariCP-3.2.0.jar;D:\deng\apache-maven-3.5.4\repository\org\springframework\spring-jdbc\5.1.5.RELEASE\spring-jdbc-5.1.5.RELEASE.jar;D:\deng\apache-maven-3.5.4\repository\org\springframework\spring-tx\5.1.5.RELEASE\spring-tx-5.1.5.RELEASE.jar;D:\deng\apache-maven-3.5.4\repository\mysql\mysql-connector-java\8.0.15\mysql-connector-java-8.0.15.jar;D:\deng\apache-maven-3.5.4\repository\com\alibaba\druid\1.1.6\druid-1.1.6.jar;D:\deng\apache-maven-3.5.4\repository\org\projectlombok\lombok\1.18.6\lombok-1.18.6.jar;D:\deng\apache-maven-3.5.4\repository\com\h2database\h2\1.4.197\h2-1.4.197.jar;D:\deng\apache-maven-3.5.4\repository\org\springframework\boot\spring-boot-starter-web\2.1.3.RELEASE\spring-boot-starter-web-2.1.3.RELEASE.jar;D:\deng\apache-maven-3.5.4\repository\org\springframework\boot\spring-boot-starter-json\2.1.3.RELEASE\spring-boot-starter-json-2.1.3.RELEASE.jar;D:\deng\apache-maven-3.5.4\repository\com\fasterxml\jackson\core\jackson-databind\2.9.8\jackson-databind-2.9.8.jar;D:\deng\apache-maven-3.5.4\repository\com\fasterxml\jackson\core\jackson-annotations\2.9.0\jackson-annotations-2.9.0.jar;D:\deng\apache-maven-3.5.4\repository\com\fasterxml\jackson\core\jackson-core\2.9.8\jackson-core-2.9.8.jar;D:\deng\apache-maven-3.5.4\repository\com\fasterxml\jackson\datatype\jackson-datatype-jdk8\2.9.8\jackson-datatype-jdk8-2.9.8.jar;D:\deng\apache-maven-3.5.4\repository\com\fasterxml\jackson\datatype\jackson-datatype-jsr310\2.9.8\jackson-datatype-jsr310-2.9.8.jar;D:\deng\apache-maven-3.5.4\repository\com\fasterxml\jackson\module\jackson-module-parameter-names\2.9.8\jackson-module-parameter-names-2.9.8.jar;D:\deng\apache-maven-3.5.4\repository\org\springframework\boot\spring-boot-starter-tomcat\2.1.3.RELEASE\spring-boot-starter-tomcat-2.1.3.RELEASE.jar;D:\deng\apache-maven-3.5.4\repository\org\apache\tomcat\embed\tomcat-embed-core\9.0.16\tomcat-embed-core-9.0.16.jar;D:\deng\apache-maven-3.5.4\repository\org\apache\tomcat\embed\tomcat-embed-el\9.0.16\tomcat-embed-el-9.0.16.jar;D:\deng\apache-maven-3.5.4\repository\org\apache\tomcat\embed\tomcat-embed-websocket\9.0.16\tomcat-embed-websocket-9.0.16.jar;D:\deng\apache-maven-3.5.4\repository\org\hibernate\validator\hibernate-validator\6.0.14.Final\hibernate-validator-6.0.14.Final.jar;D:\deng\apache-maven-3.5.4\repository\javax\validation\validation-api\2.0.1.Final\validation-api-2.0.1.Final.jar;D:\deng\apache-maven-3.5.4\repository\org\jboss\logging\jboss-logging\3.3.2.Final\jboss-logging-3.3.2.Final.jar;D:\deng\apache-maven-3.5.4\repository\com\fasterxml\classmate\1.4.0\classmate-1.4.0.jar;D:\deng\apache-maven-3.5.4\repository\org\springframework\spring-web\5.1.5.RELEASE\spring-web-5.1.5.RELEASE.jar;D:\deng\apache-maven-3.5.4\repository\org\springframework\spring-beans\5.1.5.RELEASE\spring-beans-5.1.5.RELEASE.jar;D:\deng\apache-maven-3.5.4\repository\org\springframework\spring-webmvc\5.1.5.RELEASE\spring-webmvc-5.1.5.RELEASE.jar;D:\deng\apache-maven-3.5.4\repository\org\springframework\spring-aop\5.1.5.RELEASE\spring-aop-5.1.5.RELEASE.jar;D:\deng\apache-maven-3.5.4\repository\org\springframework\spring-expression\5.1.5.RELEASE\spring-expression-5.1.5.RELEASE.jar;D:\deng\apache-maven-3.5.4\repository\org\springframework\boot\spring-boot-starter-test\2.1.3.RELEASE\spring-boot-starter-test-2.1.3.RELEASE.jar;D:\deng\apache-maven-3.5.4\repository\org\springframework\boot\spring-boot-test\2.1.3.RELEASE\spring-boot-test-2.1.3.RELEASE.jar;D:\deng\apache-maven-3.5.4\repository\org\springframework\boot\spring-boot-test-autoconfigure\2.1.3.RELEASE\spring-boot-test-autoconfigure-2.1.3.RELEASE.jar;D:\deng\apache-maven-3.5.4\repository\com\jayway\jsonpath\json-path\2.4.0\json-path-2.4.0.jar;D:\deng\apache-maven-3.5.4\repository\net\minidev\json-smart\2.3\json-smart-2.3.jar;D:\deng\apache-maven-3.5.4\repository\net\minidev\accessors-smart\1.2\accessors-smart-1.2.jar;D:\deng\apache-maven-3.5.4\repository\org\ow2\asm\asm\5.0.4\asm-5.0.4.jar;D:\deng\apache-maven-3.5.4\repository\org\slf4j\slf4j-api\1.7.25\slf4j-api-1.7.25.jar;D:\deng\apache-maven-3.5.4\repository\junit\junit\4.12\junit-4.12.jar;D:\deng\apache-maven-3.5.4\repository\org\assertj\assertj-core\3.11.1\assertj-core-3.11.1.jar;D:\deng\apache-maven-3.5.4\repository\org\mockito\mockito-core\2.23.4\mockito-core-2.23.4.jar;D:\deng\apache-maven-3.5.4\repository\net\bytebuddy\byte-buddy\1.9.10\byte-buddy-1.9.10.jar;D:\deng\apache-maven-3.5.4\repository\net\bytebuddy\byte-buddy-agent\1.9.10\byte-buddy-agent-1.9.10.jar;D:\deng\apache-maven-3.5.4\repository\org\objenesis\objenesis\2.6\objenesis-2.6.jar;D:\deng\apache-maven-3.5.4\repository\org\hamcrest\hamcrest-core\1.3\hamcrest-core-1.3.jar;D:\deng\apache-maven-3.5.4\repository\org\hamcrest\hamcrest-library\1.3\hamcrest-library-1.3.jar;D:\deng\apache-maven-3.5.4\repository\org\skyscreamer\jsonassert\1.5.0\jsonassert-1.5.0.jar;D:\deng\apache-maven-3.5.4\repository\com\vaadin\external\google\android-json\0.0.20131108.vaadin1\android-json-0.0.20131108.vaadin1.jar;D:\deng\apache-maven-3.5.4\repository\org\springframework\spring-test\5.1.5.RELEASE\spring-test-5.1.5.RELEASE.jar;D:\deng\apache-maven-3.5.4\repository\org\xmlunit\xmlunit-core\2.6.2\xmlunit-core-2.6.2.jar;"/>
    <property name="sun.cpu.endian" value="little"/>
    <property name="user.home" value="C:\Users\Administrator"/>
    <property name="user.language" value="zh"/>
    <property name="java.specification.vendor" value="Oracle Corporation"/>
    <property name="java.home" value="C:\Program Files\Java\jdk1.8.0_181\jre"/>
    <property name="basedir" value="D:\github\springbootTest\deng-mybatis"/>
    <property name="file.separator" value="\"/>
    <property name="line.separator" value="&#10;"/>
    <property name="java.vm.specification.vendor" value="Oracle Corporation"/>
    <property name="java.specification.name" value="Java Platform API Specification"/>
    <property name="java.awt.graphicsenv" value="sun.awt.Win32GraphicsEnvironment"/>
    <property name="surefire.real.class.path" value="C:\Users\Administrator\AppData\Local\Temp\surefire7436211976831987968\surefirebooter2386549568554982650.jar"/>
    <property name="sun.boot.class.path" value="C:\Program Files\Java\jdk1.8.0_181\jre\lib\resources.jar;C:\Program Files\Java\jdk1.8.0_181\jre\lib\rt.jar;C:\Program Files\Java\jdk1.8.0_181\jre\lib\sunrsasign.jar;C:\Program Files\Java\jdk1.8.0_181\jre\lib\jsse.jar;C:\Program Files\Java\jdk1.8.0_181\jre\lib\jce.jar;C:\Program Files\Java\jdk1.8.0_181\jre\lib\charsets.jar;C:\Program Files\Java\jdk1.8.0_181\jre\lib\jfr.jar;C:\Program Files\Java\jdk1.8.0_181\jre\classes"/>
    <property name="user.script" value=""/>
    <property name="sun.management.compiler" value="HotSpot 64-Bit Tiered Compilers"/>
    <property name="java.runtime.version" value="1.8.0_181-b13"/>
    <property name="user.name" value="Administrator"/>
    <property name="path.separator" value=";"/>
    <property name="os.version" value="10.0"/>
    <property name="java.endorsed.dirs" value="C:\Program Files\Java\jdk1.8.0_181\jre\lib\endorsed"/>
    <property name="java.runtime.name" value="Java(TM) SE Runtime Environment"/>
    <property name="file.encoding" value="GBK"/>
    <property name="java.vm.name" value="Java HotSpot(TM) 64-Bit Server VM"/>
    <property name="localRepository" value="D:\deng\apache-maven-3.5.4\repository"/>
    <property name="java.vendor.url.bug" value="http://bugreport.sun.com/bugreport/"/>
    <property name="java.io.tmpdir" value="C:\Users\Administrator\AppData\Local\Temp\"/>
    <property name="java.version" value="1.8.0_181"/>
    <property name="user.dir" value="D:\github\springbootTest\deng-mybatis"/>
    <property name="os.arch" value="amd64"/>
    <property name="java.vm.specification.name" value="Java Virtual Machine Specification"/>
    <property name="java.awt.printerjob" value="sun.awt.windows.WPrinterJob"/>
    <property name="sun.os.patch.level" value=""/>
    <property name="java.library.path" value="C:\Program Files\Java\jdk1.8.0_181\jre\bin;C:\windows\Sun\Java\bin;C:\windows\system32;C:\windows;D:\fox\puluan\kaoshi\sonar-scanner-3.0.3.778\bin;C:\Program Files (x86)\Common Files\Oracle\Java\javapath;C:\windows\system32;C:\windows;C:\windows\System32\Wbem;C:\windows\System32\WindowsPowerShell\v1.0\;D:\deng\apache-maven-3.5.4\bin;C:\Program Files\Java\jdk1.8.0_181\bin;C:\Program Files\nodejs\;C:\Program Files\Git\cmd;D:\deng\apache-tomcat-8.5.33\lib;D:\deng\apache-tomcat-8.5.33\bin;C:\Users\Administrator\AppData\Local\Microsoft\WindowsApps;C:\Users\Administrator\AppData\Roaming\npm;."/>
    <property name="java.vm.info" value="mixed mode"/>
    <property name="java.vendor" value="Oracle Corporation"/>
    <property name="java.vm.version" value="25.181-b13"/>
    <property name="java.ext.dirs" value="C:\Program Files\Java\jdk1.8.0_181\jre\lib\ext;C:\windows\Sun\Java\lib\ext"/>
    <property name="sun.io.unicode.encoding" value="UnicodeLittle"/>
    <property name="java.class.version" value="52.0"/>
  </properties>
  <testcase name="testSelect" classname="com.deng.SampleTest" time="0.689"/>
</testsuite>